Using pre-set license
Built from '2020.3/staging' branch; Version is '2020.3.26f1 (7298b473bc1a) revision 7510196'; Using compiler version '192528614'; Build Type 'Release'
OS: 'Windows 10  (10.0.19043) 64bit Education' Language: 'en' Physical Memory: 16085 MB
BatchMode: 1, IsHumanControllingUs: 0, StartBugReporterOnCrash: 0, Is64bit: 1, IsPro: 0

COMMAND LINE ARGUMENTS:
C:\Program Files\Unity\Hub\Editor\2020.3.26f1\Editor\Unity.exe
-adb2
-batchMode
-noUpm
-name
AssetImportWorker0
-projectPath
C:/Users/u1067294/Documents/Branson/Prototype-2/2048/Prototype2_2048
-logFile
Logs/AssetImportWorker0.log
-srvPort
58862
Successfully changed project path to: C:/Users/u1067294/Documents/Branson/Prototype-2/2048/Prototype2_2048
C:/Users/u1067294/Documents/Branson/Prototype-2/2048/Prototype2_2048
Using Asset Import Pipeline V2.
Refreshing native plugins compatible for Editor in 22.40 ms, found 2 plugins.
Preloading 0 native plugins for Editor in 0.00 ms.
Initialize engine version: 2020.3.26f1 (7298b473bc1a)
[Subsystems] Discovering subsystems at path C:/Program Files/Unity/Hub/Editor/2020.3.26f1/Editor/Data/Resources/UnitySubsystems
[Subsystems] Discovering subsystems at path C:/Users/u1067294/Documents/Branson/Prototype-2/2048/Prototype2_2048/Assets
GfxDevice: creating device client; threaded=0
Direct3D:
    Version:  Direct3D 11.0 [level 11.1]
    Renderer: NVIDIA GeForce RTX 3060 Laptop GPU (ID=0x2520)
    Vendor:   
    VRAM:     6023 MB
    Driver:   30.0.14.7141
Initialize mono
Mono path[0] = 'C:/Program Files/Unity/Hub/Editor/2020.3.26f1/Editor/Data/Managed'
Mono path[1] = 'C:/Program Files/Unity/Hub/Editor/2020.3.26f1/Editor/Data/MonoBleedingEdge/lib/mono/unityjit'
Mono config path = 'C:/Program Files/Unity/Hub/Editor/2020.3.26f1/Editor/Data/MonoBleedingEdge/etc'
Using monoOptions --debugger-agent=transport=dt_socket,embedding=1,server=y,suspend=n,address=127.0.0.1:56236
Begin MonoManager ReloadAssembly
Registering precompiled unity dll's ...
Register platform support module: C:/Program Files/Unity/Hub/Editor/2020.3.26f1/Editor/Data/PlaybackEngines/WindowsStandaloneSupport/UnityEditor.WindowsStandalone.Extensions.dll
Registered in 0.001015 seconds.
Native extension for WindowsStandalone target not found
Refreshing native plugins compatible for Editor in 22.77 ms, found 2 plugins.
Preloading 0 native plugins for Editor in 0.00 ms.
Mono: successfully reloaded assembly
- Completed reload, in  0.380 seconds
Domain Reload Profiling:
	ReloadAssembly (380ms)
		BeginReloadAssembly (34ms)
			ExecutionOrderSort (0ms)
			DisableScriptedObjects (0ms)
			BackupInstance (0ms)
			ReleaseScriptingObjects (0ms)
			CreateAndSetChildDomain (1ms)
		EndReloadAssembly (296ms)
			LoadAssemblies (33ms)
			RebuildTransferFunctionScriptingTraits (0ms)
			SetupTypeCache (99ms)
			ReleaseScriptCaches (0ms)
			RebuildScriptCaches (20ms)
			SetupLoadedEditorAssemblies (107ms)
				LogAssemblyErrors (0ms)
				InitializePlatformSupportModulesInManaged (2ms)
				SetLoadedEditorAssemblies (0ms)
				RefreshPlugins (23ms)
				BeforeProcessingInitializeOnLoad (6ms)
				ProcessInitializeOnLoadAttributes (56ms)
				ProcessInitializeOnLoadMethodAttributes (19ms)
				AfterProcessingInitializeOnLoad (0ms)
				EditorAssembliesLoaded (0ms)
			ExecutionOrderSort2 (0ms)
			AwakeInstancesAfterBackupRestoration (0ms)
Platform modules already initialized, skipping
Registering precompiled user dll's ...
Registered in 0.002411 seconds.
Begin MonoManager ReloadAssembly
Native extension for WindowsStandalone target not found
Refreshing native plugins compatible for Editor in 0.28 ms, found 2 plugins.
Preloading 0 native plugins for Editor in 0.00 ms.
Mono: successfully reloaded assembly
- Completed reload, in  0.653 seconds
Domain Reload Profiling:
	ReloadAssembly (653ms)
		BeginReloadAssembly (92ms)
			ExecutionOrderSort (0ms)
			DisableScriptedObjects (3ms)
			BackupInstance (0ms)
			ReleaseScriptingObjects (0ms)
			CreateAndSetChildDomain (14ms)
		EndReloadAssembly (521ms)
			LoadAssemblies (55ms)
			RebuildTransferFunctionScriptingTraits (0ms)
			SetupTypeCache (182ms)
			ReleaseScriptCaches (0ms)
			RebuildScriptCaches (26ms)
			SetupLoadedEditorAssemblies (197ms)
				LogAssemblyErrors (0ms)
				InitializePlatformSupportModulesInManaged (3ms)
				SetLoadedEditorAssemblies (0ms)
				RefreshPlugins (0ms)
				BeforeProcessingInitializeOnLoad (39ms)
				ProcessInitializeOnLoadAttributes (145ms)
				ProcessInitializeOnLoadMethodAttributes (7ms)
				AfterProcessingInitializeOnLoad (3ms)
				EditorAssembliesLoaded (0ms)
			ExecutionOrderSort2 (0ms)
			AwakeInstancesAfterBackupRestoration (4ms)
Platform modules already initialized, skipping
========================================================================
Worker process is ready to serve import requests
Launched and connected shader compiler UnityShaderCompiler.exe after 0.04 seconds
Refreshing native plugins compatible for Editor in 0.29 ms, found 2 plugins.
Preloading 0 native plugins for Editor in 0.00 ms.
Unloading 1504 Unused Serialized files (Serialized files now loaded: 0)
System memory in use before: 67.5 MB.
System memory in use after: 67.6 MB.

Unloading 19 unused Assets to reduce memory usage. Loaded Objects now: 1937.
Total: 1.948400 ms (FindLiveObjects: 0.095600 ms CreateObjectMapping: 0.023900 ms MarkObjects: 1.780800 ms  DeleteObjects: 0.047200 ms)

AssetImportParameters requested are different than current active one (requested -> active):
  custom:framework-win-MediaFoundation: 216162199b28c13a410421893ffa2e32 -> 
  custom:video-decoder-ogg-theora: a1e56fd34408186e4bbccfd4996cb3dc -> 
  custom:container-muxer-webm: aa71ff27fc2769a1b78a27578f13a17b -> 
  custom:container-demuxer-webm: 4f35f7cbe854078d1ac9338744f61a02 -> 
  custom:container-demuxer-ogg: 62fdf1f143b41e24485cea50d1cbac27 -> 
  custom:video-encoder-webm-vp8: eb34c28f22e8b96e1ab97ce403110664 -> 
  custom:video-codec-MediaFoundation-h265: 746d11721c4dcdbdad8f713fa42b33f4 -> 
  custom:video-decoder-webm-vp8: 9c59270c3fd7afecdb556c50c9e8de78 -> 
  custom:audio-decoder-ogg-vorbis: bf7c407c2cedff20999df2af8eb42d56 -> 
  custom:audio-encoder-webm-vorbis: bf7c407c2cedff20999df2af8eb42d56 -> 
========================================================================
Received Import Request.
  path: Assets/Images/1024.png
  artifactKey: Guid(e746964a6ae318a4798a147da2d7b496) Importer(815301076,1909f56bfc062723c751e8b465ee728b)
Start importing Assets/Images/1024.png using Guid(e746964a6ae318a4798a147da2d7b496) Importer(815301076,1909f56bfc062723c751e8b465ee728b)  -> (artifact id: '392e55a8459b86d47358ff25b94bb8d1') in 0.074646 seconds 
  Import took 0.077360 seconds .

========================================================================
Received Import Request.
  Time since last request: 0.000170 seconds.
  path: Assets/Images/4.png
  artifactKey: Guid(93e2f9d5b0293ad4abde98aba52fe9a8) Importer(815301076,1909f56bfc062723c751e8b465ee728b)
Start importing Assets/Images/4.png using Guid(93e2f9d5b0293ad4abde98aba52fe9a8) Importer(815301076,1909f56bfc062723c751e8b465ee728b)  -> (artifact id: 'a9eb8d9d4f9c79168a80c41a9fa5a0e0') in 0.012542 seconds 
  Import took 0.015813 seconds .

========================================================================
Received Import Request.
  Time since last request: 0.000119 seconds.
  path: Assets/Images/256.png
  artifactKey: Guid(aede8d9d059fee644937e9bec2f748e7) Importer(815301076,1909f56bfc062723c751e8b465ee728b)
Start importing Assets/Images/256.png using Guid(aede8d9d059fee644937e9bec2f748e7) Importer(815301076,1909f56bfc062723c751e8b465ee728b)  -> (artifact id: 'ce3853c7bf5c3e4683bf877480104631') in 0.013171 seconds 
  Import took 0.015676 seconds .

========================================================================
Received Import Request.
  Time since last request: 0.000221 seconds.
  path: Assets/Images/32.png
  artifactKey: Guid(ea7617825b534834c99fa89a1e4b2480) Importer(815301076,1909f56bfc062723c751e8b465ee728b)
Start importing Assets/Images/32.png using Guid(ea7617825b534834c99fa89a1e4b2480) Importer(815301076,1909f56bfc062723c751e8b465ee728b)  -> (artifact id: 'e53e660dd640ee345a2f53ac2f6b13bb') in 0.014004 seconds 
  Import took 0.016437 seconds .

========================================================================
Received Import Request.
  Time since last request: 0.000142 seconds.
  path: Assets/Images/64.png
  artifactKey: Guid(9214a65f81bcdae45b925bb30021df8b) Importer(815301076,1909f56bfc062723c751e8b465ee728b)
Start importing Assets/Images/64.png using Guid(9214a65f81bcdae45b925bb30021df8b) Importer(815301076,1909f56bfc062723c751e8b465ee728b)  -> (artifact id: '7c390992ef685f7486e5454dce5a2676') in 0.012545 seconds 
  Import took 0.015047 seconds .

========================================================================
Received Import Request.
  Time since last request: 0.000122 seconds.
  path: Assets/Images/512.png
  artifactKey: Guid(c734a6adc16379c4b93423c0773b0f64) Importer(815301076,1909f56bfc062723c751e8b465ee728b)
Start importing Assets/Images/512.png using Guid(c734a6adc16379c4b93423c0773b0f64) Importer(815301076,1909f56bfc062723c751e8b465ee728b)  -> (artifact id: 'd5f49df337a64161a836da0b0612af87') in 0.028811 seconds 
  Import took 0.031059 seconds .

========================================================================
Received Import Request.
  Time since last request: 0.000189 seconds.
  path: Assets/Images/8.png
  artifactKey: Guid(6618d36d7f364a3448d0185a467fef2c) Importer(815301076,1909f56bfc062723c751e8b465ee728b)
Start importing Assets/Images/8.png using Guid(6618d36d7f364a3448d0185a467fef2c) Importer(815301076,1909f56bfc062723c751e8b465ee728b)  -> (artifact id: '41293dc72cf56124cfbf250edc66cd03') in 0.033569 seconds 
  Import took 0.036130 seconds .

========================================================================
Received Import Request.
  Time since last request: 0.000220 seconds.
  path: Assets/Images/2.png
  artifactKey: Guid(10ccb8086c3beda4bb158b8c1f2ea14e) Importer(815301076,1909f56bfc062723c751e8b465ee728b)
Start importing Assets/Images/2.png using Guid(10ccb8086c3beda4bb158b8c1f2ea14e) Importer(815301076,1909f56bfc062723c751e8b465ee728b)  -> (artifact id: '916190cb131b435855cb22078f8cd74d') in 0.012344 seconds 
  Import took 0.014247 seconds .

========================================================================
Received Import Request.
  Time since last request: 0.000153 seconds.
  path: Assets/Images/128.png
  artifactKey: Guid(04701cf10bc5bb14b8c9fb57a53e2415) Importer(815301076,1909f56bfc062723c751e8b465ee728b)
Start importing Assets/Images/128.png using Guid(04701cf10bc5bb14b8c9fb57a53e2415) Importer(815301076,1909f56bfc062723c751e8b465ee728b)  -> (artifact id: '6299542b7e6ae41fb7b859b727c2843d') in 0.014693 seconds 
  Import took 0.017258 seconds .

========================================================================
Received Import Request.
  Time since last request: 0.000213 seconds.
  path: Assets/Images/16.png
  artifactKey: Guid(cf1f3d77e4d2f3e4b8fc6dc1070b9e99) Importer(815301076,1909f56bfc062723c751e8b465ee728b)
Start importing Assets/Images/16.png using Guid(cf1f3d77e4d2f3e4b8fc6dc1070b9e99) Importer(815301076,1909f56bfc062723c751e8b465ee728b)  -> (artifact id: '47ce7ec3e74318a7d4febbaf5b8e687a') in 0.012442 seconds 
  Import took 0.015040 seconds .

========================================================================
Received Import Request.
  Time since last request: 0.000155 seconds.
  path: Assets/Images/2048.png
  artifactKey: Guid(97d368981819140459c601cc61f2ba45) Importer(815301076,1909f56bfc062723c751e8b465ee728b)
Start importing Assets/Images/2048.png using Guid(97d368981819140459c601cc61f2ba45) Importer(815301076,1909f56bfc062723c751e8b465ee728b)  -> (artifact id: '1480e9703feedc15790571e0304ac7fb') in 0.012647 seconds 
  Import took 0.015093 seconds .

========================================================================
Received Import Request.
  Time since last request: 1095.415672 seconds.
  path: Assets/Images/2.png
  artifactKey: Guid(10ccb8086c3beda4bb158b8c1f2ea14e) Importer(815301076,1909f56bfc062723c751e8b465ee728b)
Start importing Assets/Images/2.png using Guid(10ccb8086c3beda4bb158b8c1f2ea14e) Importer(815301076,1909f56bfc062723c751e8b465ee728b)  -> (artifact id: '078fce364659088579a5c6ec4d35707e') in 0.048516 seconds 
  Import took 0.051010 seconds .

========================================================================
Received Import Request.
  Time since last request: 6.417522 seconds.
  path: Assets/Images/4.png
  artifactKey: Guid(93e2f9d5b0293ad4abde98aba52fe9a8) Importer(815301076,1909f56bfc062723c751e8b465ee728b)
Start importing Assets/Images/4.png using Guid(93e2f9d5b0293ad4abde98aba52fe9a8) Importer(815301076,1909f56bfc062723c751e8b465ee728b)  -> (artifact id: '1be4963d19c7eeef2c8d45dd566fa16c') in 0.012891 seconds 
  Import took 0.014978 seconds .

========================================================================
Received Import Request.
  Time since last request: 5.257771 seconds.
  path: Assets/Images/8.png
  artifactKey: Guid(6618d36d7f364a3448d0185a467fef2c) Importer(815301076,1909f56bfc062723c751e8b465ee728b)
Start importing Assets/Images/8.png using Guid(6618d36d7f364a3448d0185a467fef2c) Importer(815301076,1909f56bfc062723c751e8b465ee728b)  -> (artifact id: '96ae21f19ef51d3d35c74efe4e29937f') in 0.011367 seconds 
  Import took 0.013444 seconds .

========================================================================
Received Import Request.
  Time since last request: 4.647365 seconds.
  path: Assets/Images/16.png
  artifactKey: Guid(cf1f3d77e4d2f3e4b8fc6dc1070b9e99) Importer(815301076,1909f56bfc062723c751e8b465ee728b)
Start importing Assets/Images/16.png using Guid(cf1f3d77e4d2f3e4b8fc6dc1070b9e99) Importer(815301076,1909f56bfc062723c751e8b465ee728b)  -> (artifact id: '2e077df168f7af26123e28eb69945454') in 0.013120 seconds 
  Import took 0.015337 seconds .

========================================================================
Received Import Request.
  Time since last request: 5.436544 seconds.
  path: Assets/Images/32.png
  artifactKey: Guid(ea7617825b534834c99fa89a1e4b2480) Importer(815301076,1909f56bfc062723c751e8b465ee728b)
Start importing Assets/Images/32.png using Guid(ea7617825b534834c99fa89a1e4b2480) Importer(815301076,1909f56bfc062723c751e8b465ee728b)  -> (artifact id: 'eea6ba1c6c7d630f315a417a8e799dc5') in 0.014066 seconds 
  Import took 0.016095 seconds .

========================================================================
Received Import Request.
  Time since last request: 5.115189 seconds.
  path: Assets/Images/64.png
  artifactKey: Guid(9214a65f81bcdae45b925bb30021df8b) Importer(815301076,1909f56bfc062723c751e8b465ee728b)
Start importing Assets/Images/64.png using Guid(9214a65f81bcdae45b925bb30021df8b) Importer(815301076,1909f56bfc062723c751e8b465ee728b)  -> (artifact id: '14395a7f56596ae5afa8db37e26e0e8f') in 0.017743 seconds 
  Import took 0.020192 seconds .

========================================================================
Received Import Request.
  Time since last request: 6.147603 seconds.
  path: Assets/Images/128.png
  artifactKey: Guid(04701cf10bc5bb14b8c9fb57a53e2415) Importer(815301076,1909f56bfc062723c751e8b465ee728b)
Start importing Assets/Images/128.png using Guid(04701cf10bc5bb14b8c9fb57a53e2415) Importer(815301076,1909f56bfc062723c751e8b465ee728b)  -> (artifact id: '2f0243e9b36ec922beb13b3865d6be8f') in 0.014368 seconds 
  Import took 0.016480 seconds .

========================================================================
Received Import Request.
  Time since last request: 5.830477 seconds.
  path: Assets/Images/256.png
  artifactKey: Guid(aede8d9d059fee644937e9bec2f748e7) Importer(815301076,1909f56bfc062723c751e8b465ee728b)
Start importing Assets/Images/256.png using Guid(aede8d9d059fee644937e9bec2f748e7) Importer(815301076,1909f56bfc062723c751e8b465ee728b)  -> (artifact id: '67665fdf16316b6db2fdd65d1d70496b') in 0.013298 seconds 
  Import took 0.015515 seconds .

========================================================================
Received Prepare
Registering precompiled user dll's ...
Registered in 0.002439 seconds.
Begin MonoManager ReloadAssembly
Native extension for WindowsStandalone target not found
Refreshing native plugins compatible for Editor in 0.29 ms, found 2 plugins.
Preloading 0 native plugins for Editor in 0.00 ms.
Mono: successfully reloaded assembly
- Completed reload, in  0.646 seconds
Domain Reload Profiling:
	ReloadAssembly (646ms)
		BeginReloadAssembly (87ms)
			ExecutionOrderSort (0ms)
			DisableScriptedObjects (3ms)
			BackupInstance (0ms)
			ReleaseScriptingObjects (0ms)
			CreateAndSetChildDomain (27ms)
		EndReloadAssembly (518ms)
			LoadAssemblies (58ms)
			RebuildTransferFunctionScriptingTraits (0ms)
			SetupTypeCache (192ms)
			ReleaseScriptCaches (1ms)
			RebuildScriptCaches (24ms)
			SetupLoadedEditorAssemblies (182ms)
				LogAssemblyErrors (0ms)
				InitializePlatformSupportModulesInManaged (3ms)
				SetLoadedEditorAssemblies (0ms)
				RefreshPlugins (0ms)
				BeforeProcessingInitializeOnLoad (34ms)
				ProcessInitializeOnLoadAttributes (135ms)
				ProcessInitializeOnLoadMethodAttributes (6ms)
				AfterProcessingInitializeOnLoad (3ms)
				EditorAssembliesLoaded (0ms)
			ExecutionOrderSort2 (0ms)
			AwakeInstancesAfterBackupRestoration (4ms)
Platform modules already initialized, skipping
Refreshing native plugins compatible for Editor in 0.26 ms, found 2 plugins.
Preloading 0 native plugins for Editor in 0.00 ms.
Unloading 1499 Unused Serialized files (Serialized files now loaded: 0)
System memory in use before: 70.5 MB.
System memory in use after: 70.6 MB.

Unloading 14 unused Assets to reduce memory usage. Loaded Objects now: 1947.
Total: 1.875000 ms (FindLiveObjects: 0.087500 ms CreateObjectMapping: 0.024100 ms MarkObjects: 1.749600 ms  DeleteObjects: 0.013200 ms)

AssetImportParameters requested are different than current active one (requested -> active):
  custom:framework-win-MediaFoundation: 216162199b28c13a410421893ffa2e32 -> 
  custom:video-decoder-ogg-theora: a1e56fd34408186e4bbccfd4996cb3dc -> 
  custom:container-muxer-webm: aa71ff27fc2769a1b78a27578f13a17b -> 
  custom:container-demuxer-webm: 4f35f7cbe854078d1ac9338744f61a02 -> 
  custom:container-demuxer-ogg: 62fdf1f143b41e24485cea50d1cbac27 -> 
  custom:video-encoder-webm-vp8: eb34c28f22e8b96e1ab97ce403110664 -> 
  custom:video-codec-MediaFoundation-h265: 746d11721c4dcdbdad8f713fa42b33f4 -> 
  custom:video-decoder-webm-vp8: 9c59270c3fd7afecdb556c50c9e8de78 -> 
  custom:audio-decoder-ogg-vorbis: bf7c407c2cedff20999df2af8eb42d56 -> 
  custom:audio-encoder-webm-vorbis: bf7c407c2cedff20999df2af8eb42d56 -> 
========================================================================
Received Import Request.
  Time since last request: 628.606552 seconds.
  path: Assets/Scripts/Number.cs
  artifactKey: Guid(5d7881027df3cd24093f6c3adb7cca2a) Importer(815301076,1909f56bfc062723c751e8b465ee728b)
Start importing Assets/Scripts/Number.cs using Guid(5d7881027df3cd24093f6c3adb7cca2a) Importer(815301076,1909f56bfc062723c751e8b465ee728b)  -> (artifact id: '06268c8c5c52324d0364092a1963dda5') in 0.015952 seconds 
  Import took 0.017814 seconds .

========================================================================
Received Import Request.
  Time since last request: 76.639099 seconds.
  path: Assets/Scripts/GameAssets.cs
  artifactKey: Guid(5d7881027df3cd24093f6c3adb7cca2a) Importer(815301076,1909f56bfc062723c751e8b465ee728b)
Start importing Assets/Scripts/GameAssets.cs using Guid(5d7881027df3cd24093f6c3adb7cca2a) Importer(815301076,1909f56bfc062723c751e8b465ee728b)  -> (artifact id: '28dc894aa554fd06f170c5daa890157e') in 0.006655 seconds 
  Import took 0.008819 seconds .

========================================================================
Received Prepare
Registering precompiled user dll's ...
Registered in 0.002042 seconds.
Begin MonoManager ReloadAssembly
Native extension for WindowsStandalone target not found
Refreshing native plugins compatible for Editor in 0.29 ms, found 2 plugins.
Preloading 0 native plugins for Editor in 0.00 ms.
Mono: successfully reloaded assembly
- Completed reload, in  0.635 seconds
Domain Reload Profiling:
	ReloadAssembly (636ms)
		BeginReloadAssembly (74ms)
			ExecutionOrderSort (0ms)
			DisableScriptedObjects (3ms)
			BackupInstance (0ms)
			ReleaseScriptingObjects (0ms)
			CreateAndSetChildDomain (23ms)
		EndReloadAssembly (519ms)
			LoadAssemblies (55ms)
			RebuildTransferFunctionScriptingTraits (0ms)
			SetupTypeCache (200ms)
			ReleaseScriptCaches (1ms)
			RebuildScriptCaches (24ms)
			SetupLoadedEditorAssemblies (179ms)
				LogAssemblyErrors (0ms)
				InitializePlatformSupportModulesInManaged (3ms)
				SetLoadedEditorAssemblies (0ms)
				RefreshPlugins (0ms)
				BeforeProcessingInitializeOnLoad (34ms)
				ProcessInitializeOnLoadAttributes (132ms)
				ProcessInitializeOnLoadMethodAttributes (6ms)
				AfterProcessingInitializeOnLoad (3ms)
				EditorAssembliesLoaded (0ms)
			ExecutionOrderSort2 (0ms)
			AwakeInstancesAfterBackupRestoration (5ms)
Platform modules already initialized, skipping
Refreshing native plugins compatible for Editor in 0.29 ms, found 2 plugins.
Preloading 0 native plugins for Editor in 0.00 ms.
Unloading 1499 Unused Serialized files (Serialized files now loaded: 0)
System memory in use before: 70.6 MB.
System memory in use after: 70.7 MB.

Unloading 14 unused Assets to reduce memory usage. Loaded Objects now: 1949.
Total: 1.931600 ms (FindLiveObjects: 0.085000 ms CreateObjectMapping: 0.025900 ms MarkObjects: 1.807000 ms  DeleteObjects: 0.012700 ms)

AssetImportParameters requested are different than current active one (requested -> active):
  custom:framework-win-MediaFoundation: 216162199b28c13a410421893ffa2e32 -> 
  custom:video-decoder-ogg-theora: a1e56fd34408186e4bbccfd4996cb3dc -> 
  custom:container-muxer-webm: aa71ff27fc2769a1b78a27578f13a17b -> 
  custom:container-demuxer-webm: 4f35f7cbe854078d1ac9338744f61a02 -> 
  custom:container-demuxer-ogg: 62fdf1f143b41e24485cea50d1cbac27 -> 
  custom:video-encoder-webm-vp8: eb34c28f22e8b96e1ab97ce403110664 -> 
  custom:video-codec-MediaFoundation-h265: 746d11721c4dcdbdad8f713fa42b33f4 -> 
  custom:video-decoder-webm-vp8: 9c59270c3fd7afecdb556c50c9e8de78 -> 
  custom:audio-decoder-ogg-vorbis: bf7c407c2cedff20999df2af8eb42d56 -> 
  custom:audio-encoder-webm-vorbis: bf7c407c2cedff20999df2af8eb42d56 -> 
========================================================================
Received Prepare
Registering precompiled user dll's ...
Registered in 0.002170 seconds.
Begin MonoManager ReloadAssembly
Native extension for WindowsStandalone target not found
Refreshing native plugins compatible for Editor in 0.29 ms, found 2 plugins.
Preloading 0 native plugins for Editor in 0.00 ms.
Mono: successfully reloaded assembly
- Completed reload, in  0.624 seconds
Domain Reload Profiling:
	ReloadAssembly (624ms)
		BeginReloadAssembly (75ms)
			ExecutionOrderSort (0ms)
			DisableScriptedObjects (3ms)
			BackupInstance (0ms)
			ReleaseScriptingObjects (0ms)
			CreateAndSetChildDomain (23ms)
		EndReloadAssembly (509ms)
			LoadAssemblies (54ms)
			RebuildTransferFunctionScriptingTraits (0ms)
			SetupTypeCache (182ms)
			ReleaseScriptCaches (1ms)
			RebuildScriptCaches (23ms)
			SetupLoadedEditorAssemblies (187ms)
				LogAssemblyErrors (0ms)
				InitializePlatformSupportModulesInManaged (3ms)
				SetLoadedEditorAssemblies (0ms)
				RefreshPlugins (0ms)
				BeforeProcessingInitializeOnLoad (33ms)
				ProcessInitializeOnLoadAttributes (141ms)
				ProcessInitializeOnLoadMethodAttributes (6ms)
				AfterProcessingInitializeOnLoad (3ms)
				EditorAssembliesLoaded (0ms)
			ExecutionOrderSort2 (0ms)
			AwakeInstancesAfterBackupRestoration (5ms)
Platform modules already initialized, skipping
Refreshing native plugins compatible for Editor in 0.49 ms, found 2 plugins.
Preloading 0 native plugins for Editor in 0.00 ms.
Unloading 1499 Unused Serialized files (Serialized files now loaded: 0)
System memory in use before: 70.6 MB.
System memory in use after: 70.7 MB.

Unloading 14 unused Assets to reduce memory usage. Loaded Objects now: 1951.
Total: 2.428000 ms (FindLiveObjects: 0.117800 ms CreateObjectMapping: 0.033500 ms MarkObjects: 2.259100 ms  DeleteObjects: 0.016300 ms)

AssetImportParameters requested are different than current active one (requested -> active):
  custom:framework-win-MediaFoundation: 216162199b28c13a410421893ffa2e32 -> 
  custom:video-decoder-ogg-theora: a1e56fd34408186e4bbccfd4996cb3dc -> 
  custom:container-muxer-webm: aa71ff27fc2769a1b78a27578f13a17b -> 
  custom:container-demuxer-webm: 4f35f7cbe854078d1ac9338744f61a02 -> 
  custom:container-demuxer-ogg: 62fdf1f143b41e24485cea50d1cbac27 -> 
  custom:video-encoder-webm-vp8: eb34c28f22e8b96e1ab97ce403110664 -> 
  custom:video-codec-MediaFoundation-h265: 746d11721c4dcdbdad8f713fa42b33f4 -> 
  custom:video-decoder-webm-vp8: 9c59270c3fd7afecdb556c50c9e8de78 -> 
  custom:audio-decoder-ogg-vorbis: bf7c407c2cedff20999df2af8eb42d56 -> 
  custom:audio-encoder-webm-vorbis: bf7c407c2cedff20999df2af8eb42d56 -> 
========================================================================
Received Import Request.
  Time since last request: 247.642596 seconds.
  path: Assets/Scripts/GameAssets.cs
  artifactKey: Guid(5d7881027df3cd24093f6c3adb7cca2a) Importer(815301076,1909f56bfc062723c751e8b465ee728b)
Start importing Assets/Scripts/GameAssets.cs using Guid(5d7881027df3cd24093f6c3adb7cca2a) Importer(815301076,1909f56bfc062723c751e8b465ee728b)  -> (artifact id: '6a1185d930b0df0422b77cd8199700de') in 0.007956 seconds 
  Import took 0.010264 seconds .

========================================================================
Received Prepare
Registering precompiled user dll's ...
Registered in 0.002168 seconds.
Begin MonoManager ReloadAssembly
Native extension for WindowsStandalone target not found
Refreshing native plugins compatible for Editor in 0.29 ms, found 2 plugins.
Preloading 0 native plugins for Editor in 0.00 ms.
Mono: successfully reloaded assembly
- Completed reload, in  0.625 seconds
Domain Reload Profiling:
	ReloadAssembly (626ms)
		BeginReloadAssembly (89ms)
			ExecutionOrderSort (0ms)
			DisableScriptedObjects (3ms)
			BackupInstance (0ms)
			ReleaseScriptingObjects (0ms)
			CreateAndSetChildDomain (26ms)
		EndReloadAssembly (495ms)
			LoadAssemblies (55ms)
			RebuildTransferFunctionScriptingTraits (0ms)
			SetupTypeCache (177ms)
			ReleaseScriptCaches (1ms)
			RebuildScriptCaches (25ms)
			SetupLoadedEditorAssemblies (178ms)
				LogAssemblyErrors (0ms)
				InitializePlatformSupportModulesInManaged (3ms)
				SetLoadedEditorAssemblies (0ms)
				RefreshPlugins (0ms)
				BeforeProcessingInitializeOnLoad (33ms)
				ProcessInitializeOnLoadAttributes (133ms)
				ProcessInitializeOnLoadMethodAttributes (6ms)
				AfterProcessingInitializeOnLoad (3ms)
				EditorAssembliesLoaded (0ms)
			ExecutionOrderSort2 (0ms)
			AwakeInstancesAfterBackupRestoration (4ms)
Platform modules already initialized, skipping
Refreshing native plugins compatible for Editor in 0.25 ms, found 2 plugins.
Preloading 0 native plugins for Editor in 0.00 ms.
Unloading 1498 Unused Serialized files (Serialized files now loaded: 0)
System memory in use before: 70.6 MB.
System memory in use after: 70.7 MB.

Unloading 15 unused Assets to reduce memory usage. Loaded Objects now: 1952.
Total: 1.798500 ms (FindLiveObjects: 0.088000 ms CreateObjectMapping: 0.025000 ms MarkObjects: 1.672200 ms  DeleteObjects: 0.012500 ms)

AssetImportParameters requested are different than current active one (requested -> active):
  custom:framework-win-MediaFoundation: 216162199b28c13a410421893ffa2e32 -> 
  custom:video-decoder-ogg-theora: a1e56fd34408186e4bbccfd4996cb3dc -> 
  custom:container-muxer-webm: aa71ff27fc2769a1b78a27578f13a17b -> 
  custom:container-demuxer-webm: 4f35f7cbe854078d1ac9338744f61a02 -> 
  custom:container-demuxer-ogg: 62fdf1f143b41e24485cea50d1cbac27 -> 
  custom:video-encoder-webm-vp8: eb34c28f22e8b96e1ab97ce403110664 -> 
  custom:video-codec-MediaFoundation-h265: 746d11721c4dcdbdad8f713fa42b33f4 -> 
  custom:video-decoder-webm-vp8: 9c59270c3fd7afecdb556c50c9e8de78 -> 
  custom:audio-decoder-ogg-vorbis: bf7c407c2cedff20999df2af8eb42d56 -> 
  custom:audio-encoder-webm-vorbis: bf7c407c2cedff20999df2af8eb42d56 -> 
========================================================================
Received Import Request.
  Time since last request: 14.375868 seconds.
  path: Assets/Scripts/GameAssets.cs
  artifactKey: Guid(5d7881027df3cd24093f6c3adb7cca2a) Importer(815301076,1909f56bfc062723c751e8b465ee728b)
Start importing Assets/Scripts/GameAssets.cs using Guid(5d7881027df3cd24093f6c3adb7cca2a) Importer(815301076,1909f56bfc062723c751e8b465ee728b)  -> (artifact id: '8178f5ac2ef8e46f0d46fe6cec7f045f') in 0.004357 seconds 
  Import took 0.006347 seconds .

========================================================================
Received Prepare
Registering precompiled user dll's ...
Registered in 0.002263 seconds.
Begin MonoManager ReloadAssembly
Native extension for WindowsStandalone target not found
Refreshing native plugins compatible for Editor in 0.34 ms, found 2 plugins.
Preloading 0 native plugins for Editor in 0.00 ms.
Mono: successfully reloaded assembly
- Completed reload, in  0.628 seconds
Domain Reload Profiling:
	ReloadAssembly (628ms)
		BeginReloadAssembly (81ms)
			ExecutionOrderSort (0ms)
			DisableScriptedObjects (3ms)
			BackupInstance (0ms)
			ReleaseScriptingObjects (0ms)
			CreateAndSetChildDomain (22ms)
		EndReloadAssembly (506ms)
			LoadAssemblies (53ms)
			RebuildTransferFunctionScriptingTraits (0ms)
			SetupTypeCache (181ms)
			ReleaseScriptCaches (1ms)
			RebuildScriptCaches (24ms)
			SetupLoadedEditorAssemblies (184ms)
				LogAssemblyErrors (0ms)
				InitializePlatformSupportModulesInManaged (3ms)
				SetLoadedEditorAssemblies (0ms)
				RefreshPlugins (0ms)
				BeforeProcessingInitializeOnLoad (35ms)
				ProcessInitializeOnLoadAttributes (136ms)
				ProcessInitializeOnLoadMethodAttributes (6ms)
				AfterProcessingInitializeOnLoad (3ms)
				EditorAssembliesLoaded (0ms)
			ExecutionOrderSort2 (0ms)
			AwakeInstancesAfterBackupRestoration (4ms)
Platform modules already initialized, skipping
Refreshing native plugins compatible for Editor in 0.24 ms, found 2 plugins.
Preloading 0 native plugins for Editor in 0.00 ms.
Unloading 1499 Unused Serialized files (Serialized files now loaded: 0)
System memory in use before: 70.6 MB.
System memory in use after: 70.7 MB.

Unloading 14 unused Assets to reduce memory usage. Loaded Objects now: 1955.
Total: 1.804300 ms (FindLiveObjects: 0.082700 ms CreateObjectMapping: 0.023700 ms MarkObjects: 1.685900 ms  DeleteObjects: 0.011500 ms)

AssetImportParameters requested are different than current active one (requested -> active):
  custom:framework-win-MediaFoundation: 216162199b28c13a410421893ffa2e32 -> 
  custom:video-decoder-ogg-theora: a1e56fd34408186e4bbccfd4996cb3dc -> 
  custom:container-muxer-webm: aa71ff27fc2769a1b78a27578f13a17b -> 
  custom:container-demuxer-webm: 4f35f7cbe854078d1ac9338744f61a02 -> 
  custom:container-demuxer-ogg: 62fdf1f143b41e24485cea50d1cbac27 -> 
  custom:video-encoder-webm-vp8: eb34c28f22e8b96e1ab97ce403110664 -> 
  custom:video-codec-MediaFoundation-h265: 746d11721c4dcdbdad8f713fa42b33f4 -> 
  custom:video-decoder-webm-vp8: 9c59270c3fd7afecdb556c50c9e8de78 -> 
  custom:audio-decoder-ogg-vorbis: bf7c407c2cedff20999df2af8eb42d56 -> 
  custom:audio-encoder-webm-vorbis: bf7c407c2cedff20999df2af8eb42d56 -> 
AssetImportWorkerClient::OnTransportError - code=2 error=End of file
